<?xml version="1.0" encoding="UTF-8"?>
<!-- Generated by org.testng.reporters.JUnitReportReporter -->
<testsuite hostname="CFS-LP-0010" failures="0" tests="1" name="Part1.FirstSeleniumTest" time="10.727" errors="0" timestamp="2024-12-17T16:06:16 IST" skipped="0">
  <testcase classname="Part1.FirstSeleniumTest" name="testLoggingIntoApplication" time="10.727"/>
  <system-out/>
</testsuite> <!-- Part1.FirstSeleniumTest -->
